Determining if the pthread_create exist failed with the following output:
Change Dir: /home/gaurav/QuickSort/build/CMakeFiles/CMakeTmp

Run Build Command:"/usr/bin/make" "cmTC_e230d/fast"
/usr/bin/make -f CMakeFiles/cmTC_e230d.dir/build.make CMakeFiles/cmTC_e230d.dir/build
make[1]: Entering directory '/home/gaurav/QuickSort/build/CMakeFiles/CMakeTmp'
Building C object CMakeFiles/cmTC_e230d.dir/CheckSymbolExists.c.o
/usr/bin/cc    -o CMakeFiles/cmTC_e230d.dir/CheckSymbolExists.c.o   -c /home/gaurav/QuickSort/build/CMakeFiles/CMakeTmp/CheckSymbolExists.c
Linking C executable cmTC_e230d
/usr/bin/cmake -E cmake_link_script CMakeFiles/cmTC_e230d.dir/link.txt --verbose=1
/usr/bin/cc      -rdynamic CMakeFiles/cmTC_e230d.dir/CheckSymbolExists.c.o  -o cmTC_e230d 
CMakeFiles/cmTC_e230d.dir/CheckSymbolExists.c.o: In function `main':
CheckSymbolExists.c:(.text+0x1b): undefined reference to `pthread_create'
collect2: error: ld returned 1 exit status
CMakeFiles/cmTC_e230d.dir/build.make:97: recipe for target 'cmTC_e230d' failed
make[1]: *** [cmTC_e230d] Error 1
make[1]: Leaving directory '/home/gaurav/QuickSort/build/CMakeFiles/CMakeTmp'
Makefile:126: recipe for target 'cmTC_e230d/fast' failed
make: *** [cmTC_e230d/fast] Error 2

File /home/gaurav/QuickSort/build/CMakeFiles/CMakeTmp/CheckSymbolExists.c:
/* */
#include <pthread.h>

int main(int argc, char** argv)
{
  (void)argv;
#ifndef pthread_create
  return ((int*)(&pthread_create))[argc];
#else
  (void)argc;
  return 0;
#endif
}

Determining if the function pthread_create exists in the pthreads failed with the following output:
Change Dir: /home/gaurav/QuickSort/build/CMakeFiles/CMakeTmp

Run Build Command:"/usr/bin/make" "cmTC_aa644/fast"
/usr/bin/make -f CMakeFiles/cmTC_aa644.dir/build.make CMakeFiles/cmTC_aa644.dir/build
make[1]: Entering directory '/home/gaurav/QuickSort/build/CMakeFiles/CMakeTmp'
Building C object CMakeFiles/cmTC_aa644.dir/CheckFunctionExists.c.o
/usr/bin/cc   -DCHECK_FUNCTION_EXISTS=pthread_create   -o CMakeFiles/cmTC_aa644.dir/CheckFunctionExists.c.o   -c /usr/share/cmake-3.10/Modules/CheckFunctionExists.c
Linking C executable cmTC_aa644
/usr/bin/cmake -E cmake_link_script CMakeFiles/cmTC_aa644.dir/link.txt --verbose=1
/usr/bin/cc  -DCHECK_FUNCTION_EXISTS=pthread_create    -rdynamic CMakeFiles/cmTC_aa644.dir/CheckFunctionExists.c.o  -o cmTC_aa644 -lpthreads 
/usr/bin/ld: cannot find -lpthreads
collect2: error: ld returned 1 exit status
CMakeFiles/cmTC_aa644.dir/build.make:97: recipe for target 'cmTC_aa644' failed
make[1]: *** [cmTC_aa644] Error 1
make[1]: Leaving directory '/home/gaurav/QuickSort/build/CMakeFiles/CMakeTmp'
Makefile:126: recipe for target 'cmTC_aa644/fast' failed
make: *** [cmTC_aa644/fast] Error 2


